[35m[Appium][39m Welcome to Appium v1.22.3
[35m[Appium][39m Non-default server args:
[35m[Appium][39m   port: 57792
[35m[Appium][39m   loglevel: info
[35m[Appium][39m   tmpDir: C:\Users\User-PC\AppData\Local\Temp\\Katalon\Appium\Temp1675239893058
[35m[Appium][39m   chromedriverPort: 57793
[35m[Appium][39m Deprecated server args:
[35m[Appium][39m   [31m--chromedriver-port[39m => --default-capabilities
[35m[Appium][39m Default capabilities, which will be added to each request unless overridden by desired capabilities:
[35m[Appium][39m   chromedriverPort: 57793
[35m[Appium][39m Appium REST http interface listener started on 0.0.0.0:57792
[35m[HTTP][39m [37m-->[39m [37mGET[39m [37m/wd/hub/status[39m
[35m[HTTP][39m [90m{}[39m
[35m[HTTP][39m [37m<-- GET /wd/hub/status [39m[32m200[39m [90m5 ms - 68[39m
[35m[HTTP][39m [90m[39m
[35m[HTTP][39m [37m-->[39m [37mPOST[39m [37m/wd/hub/session[39m
[35m[HTTP][39m [90m{"desiredCapabilities":{"app":"C:\\Users\\User-PC\\Downloads\\apk\\Demo_APP_CodingID_1.0.apk","noReset":false,"deviceName":"emulator-5554 (sdk_gphone_x86 - Android 11)","fullReset":true,"platform":"ANDROID","newCommandTimeout":1800,"platformVersion":"11","automationName":"uiautomator2","autoGrantPermissions":true,"platformName":"Android","udid":"emulator-5554","systemPort":57791},"capabilities":{"firstMatch":[{"appium:app":"C:\\Users\\User-PC\\Downloads\\apk\\Demo_APP_CodingID_1.0.apk","appium:autoGrantPermissions":true,"appium:automationName":"uiautomator2","appium:deviceName":"emulator-5554 (sdk_gphone_x86 - Android 11)","appium:fullReset":true,"appium:newCommandTimeout":1800,"appium:noReset":false,"platform":"ANDROID","platformName":"android","appium:platformVersion":"11","appium:systemPort":57791,"appium:udid":"emulator-5554"}]}}[39m
[35m[BaseDriver][39m The following capabilities are not standard capabilities and should have an extension prefix:
[35m[BaseDriver][39m   platform
[35m[BaseDriver][39m   chromedriverPort
[35m[Appium][39m Appium v1.22.3 creating new AndroidUiautomator2Driver (v1.70.1) session
[35m[BaseDriver][39m The following capabilities were provided, but are not recognized by Appium:
[35m[BaseDriver][39m   platform
[35m[BaseDriver][39m Session created with session id: 9fa19d92-60e9-488a-a79d-ebd1bbc1cb84
[35m[BaseDriver][39m Using local app 'C:\Users\User-PC\Downloads\apk\Demo_APP_CodingID_1.0.apk'
[35m[ADB][39m Found 1 'build-tools' folders under 'C:\Users\User-PC\.katalon\tools\android_sdk' (newest first):
[35m[ADB][39m     C:/Users/User-PC/.katalon/tools/android_sdk/build-tools/29.0.3
[35m[ADB][39m Using 'adb.exe' from 'C:\Users\User-PC\.katalon\tools\android_sdk\platform-tools\adb.exe'
[35m[AndroidDriver][39m Retrieving device list
[35m[AndroidDriver][39m Using device: emulator-5554
[35m[ADB][39m Using 'adb.exe' from 'C:\Users\User-PC\.katalon\tools\android_sdk\platform-tools\adb.exe'
[35m[ADB][39m Getting device platform version
[35m[UiAutomator2][39m Relaxing hidden api policy
[35m[ADB][39m Package name: 'com.codingid.codingidhive.betastaging'
[35m[ADB][39m Main activity name: 'com.codingid.codingidhive.MainActivity'
[35m[ADB][39m Using 'apksigner.jar' from 'C:\Users\User-PC\.katalon\tools\android_sdk\build-tools\29.0.3\lib\apksigner.jar'
[35m[ADB][39m 'C:\Users\User-PC\AppData\Roaming\npm\node_modules\appium\node_modules\appium-uiautomator2-server\apks\appium-uiautomator2-server-v4.27.0.apk' is signed with the default certificate
[35m[ADB][39m 'C:\Users\User-PC\AppData\Roaming\npm\node_modules\appium\node_modules\appium-uiautomator2-server\apks\appium-uiautomator2-server-debug-androidTest.apk' is signed with the default certificate
[35m[UiAutomator2][39m Server packages are not going to be (re)installed
[35m[ADB][39m Adding packages ["io.appium.settings","io.appium.uiautomator2.server","io.appium.uiautomator2.server.test"] to Doze whitelist
[35m[ADB][39m 'C:\Users\User-PC\Downloads\apk\Demo_APP_CodingID_1.0.apk' is signed with a non-default certificate
[35m[ADB][39m com.codingid.codingidhive.betastaging was not uninstalled, because it was not present on the device
[35m[ADB][39m The application at 'C:\Users\User-PC\Downloads\apk\Demo_APP_CodingID_1.0.apk' will not be cached, because the device under test has confirmed the support of streamed installs
[35m[ADB][39m The installation of 'Demo_APP_CodingID_1.0.apk' took 3846ms
[35m[UiAutomator2][39m Starting UIAutomator2 server 4.27.0
[35m[UiAutomator2][39m Using UIAutomator2 server from 'C:\Users\User-PC\AppData\Roaming\npm\node_modules\appium\node_modules\appium-uiautomator2-server\apks\appium-uiautomator2-server-v4.27.0.apk' and test from 'C:\Users\User-PC\AppData\Roaming\npm\node_modules\appium\node_modules\appium-uiautomator2-server\apks\appium-uiautomator2-server-debug-androidTest.apk'
[35m[UiAutomator2][39m Waiting up to 30000ms for UiAutomator2 to be online...
[35m[WD Proxy][39m socket hang up
[35m[WD Proxy][39m socket hang up
[35m[WD Proxy][39m socket hang up
[35m[WD Proxy][39m Determined the downstream protocol as 'W3C'
[35m[AndroidDriver][39m Screen already unlocked, doing nothing
[35m[UiAutomator2][39m Starting 'com.codingid.codingidhive.betastaging/com.codingid.codingidhive.MainActivity and waiting for 'com.codingid.codingidhive.betastaging/com.codingid.codingidhive.MainActivity'
[35m[Appium][39m New AndroidUiautomator2Driver session created successfully, session 9fa19d92-60e9-488a-a79d-ebd1bbc1cb84 added to master session list
[35m[HTTP][39m [37m<-- POST /wd/hub/session [39m[32m200[39m [90m12985 ms - 1323[39m
[35m[HTTP][39m [90m[39m
[35m[HTTP][39m [37m-->[39m [37mGET[39m [37m/wd/hub/session/9fa19d92-60e9-488a-a79d-ebd1bbc1cb84[39m
[35m[HTTP][39m [90m{}[39m
[35m[HTTP][39m [37m<-- GET /wd/hub/session/9fa19d92-60e9-488a-a79d-ebd1bbc1cb84 [39m[32m200[39m [90m14 ms - 1277[39m
[35m[HTTP][39m [90m[39m
[35m[HTTP][39m [37m-->[39m [37mGET[39m [37m/wd/hub/session/9fa19d92-60e9-488a-a79d-ebd1bbc1cb84[39m
[35m[HTTP][39m [90m{}[39m
[35m[HTTP][39m [37m<-- GET /wd/hub/session/9fa19d92-60e9-488a-a79d-ebd1bbc1cb84 [39m[32m200[39m [90m11 ms - 1277[39m
[35m[HTTP][39m [90m[39m
[35m[HTTP][39m [37m-->[39m [37mGET[39m [37m/wd/hub/status[39m
[35m[HTTP][39m [90m{}[39m
[35m[HTTP][39m [37m<-- GET /wd/hub/status [39m[32m200[39m [90m1 ms - 68[39m
[35m[HTTP][39m [90m[39m
[35m[HTTP][39m [37m-->[39m [37mPOST[39m [37m/wd/hub/session/9fa19d92-60e9-488a-a79d-ebd1bbc1cb84/timeouts[39m
[35m[HTTP][39m [90m{"implicit":30000}[39m
[35m[HTTP][39m [37m<-- POST /wd/hub/session/9fa19d92-60e9-488a-a79d-ebd1bbc1cb84/timeouts [39m[32m200[39m [90m2 ms - 14[39m
[35m[HTTP][39m [90m[39m
[35m[HTTP][39m [37m-->[39m [37mGET[39m [37m/wd/hub/session/9fa19d92-60e9-488a-a79d-ebd1bbc1cb84/screenshot[39m
[35m[HTTP][39m [90m{}[39m
[35m[HTTP][39m [37m<-- GET /wd/hub/session/9fa19d92-60e9-488a-a79d-ebd1bbc1cb84/screenshot [39m[32m200[39m [90m460 ms - 32166[39m
[35m[HTTP][39m [90m[39m
[35m[HTTP][39m [37m-->[39m [37mGET[39m [37m/wd/hub/session/9fa19d92-60e9-488a-a79d-ebd1bbc1cb84/window/rect[39m
[35m[HTTP][39m [90m{}[39m
[35m[HTTP][39m [37m<-- GET /wd/hub/session/9fa19d92-60e9-488a-a79d-ebd1bbc1cb84/window/rect [39m[32m200[39m [90m17 ms - 50[39m
[35m[HTTP][39m [90m[39m
[35m[HTTP][39m [37m-->[39m [37mGET[39m [37m/wd/hub/session/9fa19d92-60e9-488a-a79d-ebd1bbc1cb84/appium/device/system_bars[39m
[35m[HTTP][39m [90m{}[39m
[35m[HTTP][39m [37m<-- GET /wd/hub/session/9fa19d92-60e9-488a-a79d-ebd1bbc1cb84/appium/device/system_bars [39m[32m200[39m [90m119 ms - 149[39m
[35m[HTTP][39m [90m[39m
[35m[HTTP][39m [37m-->[39m [37mPOST[39m [37m/wd/hub/session/9fa19d92-60e9-488a-a79d-ebd1bbc1cb84/timeouts[39m
[35m[HTTP][39m [90m{"implicit":50}[39m
[35m[HTTP][39m [37m<-- POST /wd/hub/session/9fa19d92-60e9-488a-a79d-ebd1bbc1cb84/timeouts [39m[32m200[39m [90m2 ms - 14[39m
[35m[HTTP][39m [90m[39m
[35m[HTTP][39m [37m-->[39m [37mGET[39m [37m/wd/hub/session/9fa19d92-60e9-488a-a79d-ebd1bbc1cb84/window/rect[39m
[35m[HTTP][39m [90m{}[39m
[35m[HTTP][39m [37m<-- GET /wd/hub/session/9fa19d92-60e9-488a-a79d-ebd1bbc1cb84/window/rect [39m[32m200[39m [90m12 ms - 50[39m
[35m[HTTP][39m [90m[39m
[35m[HTTP][39m [37m-->[39m [37mPOST[39m [37m/wd/hub/session/9fa19d92-60e9-488a-a79d-ebd1bbc1cb84/elements[39m
[35m[HTTP][39m [90m{"using":"xpath","value":"//*[@class = 'android.widget.TextView' and (@text = 'Login Here' or . = 'Login Here')]"}[39m
[35m[HTTP][39m [37m<-- POST /wd/hub/session/9fa19d92-60e9-488a-a79d-ebd1bbc1cb84/elements [39m[32m200[39m [90m831 ms - 12[39m
[35m[HTTP][39m [90m[39m
[35m[HTTP][39m [37m-->[39m [37mPOST[39m [37m/wd/hub/session/9fa19d92-60e9-488a-a79d-ebd1bbc1cb84/elements[39m
[35m[HTTP][39m [90m{"using":"xpath","value":"//*[@class = 'android.widget.TextView' and (@text = 'Login Here' or . = 'Login Here')]"}[39m
[35m[HTTP][39m [37m<-- POST /wd/hub/session/9fa19d92-60e9-488a-a79d-ebd1bbc1cb84/elements [39m[32m200[39m [90m258 ms - 12[39m
[35m[HTTP][39m [90m[39m
[35m[HTTP][39m [37m-->[39m [37mPOST[39m [37m/wd/hub/session/9fa19d92-60e9-488a-a79d-ebd1bbc1cb84/elements[39m
[35m[HTTP][39m [90m{"using":"xpath","value":"//*[@class = 'android.widget.TextView' and (@text = 'Login Here' or . = 'Login Here')]"}[39m
[35m[HTTP][39m [37m<-- POST /wd/hub/session/9fa19d92-60e9-488a-a79d-ebd1bbc1cb84/elements [39m[32m200[39m [90m76 ms - 12[39m
[35m[HTTP][39m [90m[39m
[35m[HTTP][39m [37m-->[39m [37mPOST[39m [37m/wd/hub/session/9fa19d92-60e9-488a-a79d-ebd1bbc1cb84/elements[39m
[35m[HTTP][39m [90m{"using":"xpath","value":"//*[@class = 'android.widget.TextView' and (@text = 'Login Here' or . = 'Login Here')]"}[39m
[35m[HTTP][39m [37m<-- POST /wd/hub/session/9fa19d92-60e9-488a-a79d-ebd1bbc1cb84/elements [39m[32m200[39m [90m67 ms - 12[39m
[35m[HTTP][39m [90m[39m
[35m[HTTP][39m [37m-->[39m [37mPOST[39m [37m/wd/hub/session/9fa19d92-60e9-488a-a79d-ebd1bbc1cb84/elements[39m
[35m[HTTP][39m [90m{"using":"xpath","value":"//*[@class = 'android.widget.TextView' and (@text = 'Login Here' or . = 'Login Here')]"}[39m
[35m[HTTP][39m [37m<-- POST /wd/hub/session/9fa19d92-60e9-488a-a79d-ebd1bbc1cb84/elements [39m[32m200[39m [90m86 ms - 12[39m
[35m[HTTP][39m [90m[39m
[35m[HTTP][39m [37m-->[39m [37mPOST[39m [37m/wd/hub/session/9fa19d92-60e9-488a-a79d-ebd1bbc1cb84/elements[39m
[35m[HTTP][39m [90m{"using":"xpath","value":"//*[@class = 'android.widget.TextView' and (@text = 'Login Here' or . = 'Login Here')]"}[39m
[35m[HTTP][39m [37m<-- POST /wd/hub/session/9fa19d92-60e9-488a-a79d-ebd1bbc1cb84/elements [39m[32m200[39m [90m70 ms - 12[39m
[35m[HTTP][39m [90m[39m
[35m[HTTP][39m [37m-->[39m [37mPOST[39m [37m/wd/hub/session/9fa19d92-60e9-488a-a79d-ebd1bbc1cb84/elements[39m
[35m[HTTP][39m [90m{"using":"xpath","value":"//*[@class = 'android.widget.TextView' and (@text = 'Login Here' or . = 'Login Here')]"}[39m
[35m[HTTP][39m [37m<-- POST /wd/hub/session/9fa19d92-60e9-488a-a79d-ebd1bbc1cb84/elements [39m[32m200[39m [90m86 ms - 12[39m
[35m[HTTP][39m [90m[39m
[35m[HTTP][39m [37m-->[39m [37mPOST[39m [37m/wd/hub/session/9fa19d92-60e9-488a-a79d-ebd1bbc1cb84/elements[39m
[35m[HTTP][39m [90m{"using":"xpath","value":"//*[@class = 'android.widget.TextView' and (@text = 'Login Here' or . = 'Login Here')]"}[39m
[35m[HTTP][39m [37m<-- POST /wd/hub/session/9fa19d92-60e9-488a-a79d-ebd1bbc1cb84/elements [39m[32m200[39m [90m80 ms - 12[39m
[35m[HTTP][39m [90m[39m
[35m[HTTP][39m [37m-->[39m [37mPOST[39m [37m/wd/hub/session/9fa19d92-60e9-488a-a79d-ebd1bbc1cb84/elements[39m
[35m[HTTP][39m [90m{"using":"xpath","value":"//*[@class = 'android.widget.TextView' and (@text = 'Login Here' or . = 'Login Here')]"}[39m
[35m[HTTP][39m [37m<-- POST /wd/hub/session/9fa19d92-60e9-488a-a79d-ebd1bbc1cb84/elements [39m[32m200[39m [90m84 ms - 12[39m
[35m[HTTP][39m [90m[39m
[35m[HTTP][39m [37m-->[39m [37mPOST[39m [37m/wd/hub/session/9fa19d92-60e9-488a-a79d-ebd1bbc1cb84/elements[39m
[35m[HTTP][39m [90m{"using":"xpath","value":"//*[@class = 'android.widget.TextView' and (@text = 'Login Here' or . = 'Login Here')]"}[39m
[35m[HTTP][39m [37m<-- POST /wd/hub/session/9fa19d92-60e9-488a-a79d-ebd1bbc1cb84/elements [39m[32m200[39m [90m89 ms - 12[39m
[35m[HTTP][39m [90m[39m
[35m[HTTP][39m [37m-->[39m [37mPOST[39m [37m/wd/hub/session/9fa19d92-60e9-488a-a79d-ebd1bbc1cb84/elements[39m
[35m[HTTP][39m [90m{"using":"xpath","value":"//*[@class = 'android.widget.TextView' and (@text = 'Login Here' or . = 'Login Here')]"}[39m
[35m[HTTP][39m [37m<-- POST /wd/hub/session/9fa19d92-60e9-488a-a79d-ebd1bbc1cb84/elements [39m[32m200[39m [90m91 ms - 12[39m
[35m[HTTP][39m [90m[39m
[35m[HTTP][39m [37m-->[39m [37mPOST[39m [37m/wd/hub/session/9fa19d92-60e9-488a-a79d-ebd1bbc1cb84/elements[39m
[35m[HTTP][39m [90m{"using":"xpath","value":"//*[@class = 'android.widget.TextView' and (@text = 'Login Here' or . = 'Login Here')]"}[39m
[35m[HTTP][39m [37m<-- POST /wd/hub/session/9fa19d92-60e9-488a-a79d-ebd1bbc1cb84/elements [39m[32m200[39m [90m84 ms - 12[39m
[35m[HTTP][39m [90m[39m
[35m[HTTP][39m [37m-->[39m [37mPOST[39m [37m/wd/hub/session/9fa19d92-60e9-488a-a79d-ebd1bbc1cb84/elements[39m
[35m[HTTP][39m [90m{"using":"xpath","value":"//*[@class = 'android.widget.TextView' and (@text = 'Login Here' or . = 'Login Here')]"}[39m
[35m[HTTP][39m [37m<-- POST /wd/hub/session/9fa19d92-60e9-488a-a79d-ebd1bbc1cb84/elements [39m[32m200[39m [90m59 ms - 12[39m
[35m[HTTP][39m [90m[39m
[35m[HTTP][39m [37m-->[39m [37mPOST[39m [37m/wd/hub/session/9fa19d92-60e9-488a-a79d-ebd1bbc1cb84/elements[39m
[35m[HTTP][39m [90m{"using":"xpath","value":"//*[@class = 'android.widget.TextView' and (@text = 'Login Here' or . = 'Login Here')]"}[39m
[35m[HTTP][39m [37m<-- POST /wd/hub/session/9fa19d92-60e9-488a-a79d-ebd1bbc1cb84/elements [39m[32m200[39m [90m54 ms - 12[39m
[35m[HTTP][39m [90m[39m
[35m[HTTP][39m [37m-->[39m [37mPOST[39m [37m/wd/hub/session/9fa19d92-60e9-488a-a79d-ebd1bbc1cb84/elements[39m
[35m[HTTP][39m [90m{"using":"xpath","value":"//*[@class = 'android.widget.TextView' and (@text = 'Login Here' or . = 'Login Here')]"}[39m
[35m[HTTP][39m [37m<-- POST /wd/hub/session/9fa19d92-60e9-488a-a79d-ebd1bbc1cb84/elements [39m[32m200[39m [90m117 ms - 12[39m
[35m[HTTP][39m [90m[39m
[35m[HTTP][39m [37m-->[39m [37mPOST[39m [37m/wd/hub/session/9fa19d92-60e9-488a-a79d-ebd1bbc1cb84/elements[39m
[35m[HTTP][39m [90m{"using":"xpath","value":"//*[@class = 'android.widget.TextView' and (@text = 'Login Here' or . = 'Login Here')]"}[39m
[35m[HTTP][39m [37m<-- POST /wd/hub/session/9fa19d92-60e9-488a-a79d-ebd1bbc1cb84/elements [39m[32m200[39m [90m55 ms - 12[39m
[35m[HTTP][39m [90m[39m
[35m[HTTP][39m [37m-->[39m [37mPOST[39m [37m/wd/hub/session/9fa19d92-60e9-488a-a79d-ebd1bbc1cb84/elements[39m
[35m[HTTP][39m [90m{"using":"xpath","value":"//*[@class = 'android.widget.TextView' and (@text = 'Login Here' or . = 'Login Here')]"}[39m
[35m[HTTP][39m [37m<-- POST /wd/hub/session/9fa19d92-60e9-488a-a79d-ebd1bbc1cb84/elements [39m[32m200[39m [90m59 ms - 12[39m
[35m[HTTP][39m [90m[39m
[35m[HTTP][39m [37m-->[39m [37mPOST[39m [37m/wd/hub/session/9fa19d92-60e9-488a-a79d-ebd1bbc1cb84/elements[39m
[35m[HTTP][39m [90m{"using":"xpath","value":"//*[@class = 'android.widget.TextView' and (@text = 'Login Here' or . = 'Login Here')]"}[39m
[35m[HTTP][39m [37m<-- POST /wd/hub/session/9fa19d92-60e9-488a-a79d-ebd1bbc1cb84/elements [39m[32m200[39m [90m55 ms - 12[39m
[35m[HTTP][39m [90m[39m
[35m[HTTP][39m [37m-->[39m [37mPOST[39m [37m/wd/hub/session/9fa19d92-60e9-488a-a79d-ebd1bbc1cb84/elements[39m
[35m[HTTP][39m [90m{"using":"xpath","value":"//*[@class = 'android.widget.TextView' and (@text = 'Login Here' or . = 'Login Here')]"}[39m
[35m[HTTP][39m [37m<-- POST /wd/hub/session/9fa19d92-60e9-488a-a79d-ebd1bbc1cb84/elements [39m[32m200[39m [90m69 ms - 12[39m
[35m[HTTP][39m [90m[39m
[35m[HTTP][39m [37m-->[39m [37mPOST[39m [37m/wd/hub/session/9fa19d92-60e9-488a-a79d-ebd1bbc1cb84/elements[39m
[35m[HTTP][39m [90m{"using":"xpath","value":"//*[@class = 'android.widget.TextView' and (@text = 'Login Here' or . = 'Login Here')]"}[39m
[35m[HTTP][39m [37m<-- POST /wd/hub/session/9fa19d92-60e9-488a-a79d-ebd1bbc1cb84/elements [39m[32m200[39m [90m2570 ms - 139[39m
[35m[HTTP][39m [90m[39m
[35m[HTTP][39m [37m-->[39m [37mGET[39m [37m/wd/hub/session/9fa19d92-60e9-488a-a79d-ebd1bbc1cb84/element/00000000-0000-020e-ffff-ffff00000041/location[39m
[35m[HTTP][39m [90m{}[39m
[35m[W3C (9fa19d92)][39m Driver proxy active, passing request on via HTTP proxy
[35m[WD Proxy][39m Replacing sessionId 6bc2888e-8e99-4e92-8207-ea23cf836f46 with 9fa19d92-60e9-488a-a79d-ebd1bbc1cb84
[35m[HTTP][39m [37m<-- GET /wd/hub/session/9fa19d92-60e9-488a-a79d-ebd1bbc1cb84/element/00000000-0000-020e-ffff-ffff00000041/location [39m[32m200[39m [90m12 ms - 78[39m
[35m[HTTP][39m [90m[39m
[35m[HTTP][39m [37m-->[39m [37mPOST[39m [37m/wd/hub/session/9fa19d92-60e9-488a-a79d-ebd1bbc1cb84/timeouts[39m
[35m[HTTP][39m [90m{"implicit":30000}[39m
[35m[HTTP][39m [37m<-- POST /wd/hub/session/9fa19d92-60e9-488a-a79d-ebd1bbc1cb84/timeouts [39m[32m200[39m [90m1 ms - 14[39m
[35m[HTTP][39m [90m[39m
[35m[HTTP][39m [37m-->[39m [37mPOST[39m [37m/wd/hub/session/9fa19d92-60e9-488a-a79d-ebd1bbc1cb84/element/00000000-0000-020e-ffff-ffff00000041/click[39m
[35m[HTTP][39m [90m{"id":"00000000-0000-020e-ffff-ffff00000041"}[39m
[35m[HTTP][39m [37m<-- POST /wd/hub/session/9fa19d92-60e9-488a-a79d-ebd1bbc1cb84/element/00000000-0000-020e-ffff-ffff00000041/click [39m[32m200[39m [90m47 ms - 14[39m
[35m[HTTP][39m [90m[39m
[35m[HTTP][39m [37m-->[39m [37mPOST[39m [37m/wd/hub/session/9fa19d92-60e9-488a-a79d-ebd1bbc1cb84/timeouts[39m
[35m[HTTP][39m [90m{"implicit":50}[39m
[35m[HTTP][39m [37m<-- POST /wd/hub/session/9fa19d92-60e9-488a-a79d-ebd1bbc1cb84/timeouts [39m[32m200[39m [90m1 ms - 14[39m
[35m[HTTP][39m [90m[39m
[35m[HTTP][39m [37m-->[39m [37mGET[39m [37m/wd/hub/session/9fa19d92-60e9-488a-a79d-ebd1bbc1cb84/window/rect[39m
[35m[HTTP][39m [90m{}[39m
[35m[HTTP][39m [37m<-- GET /wd/hub/session/9fa19d92-60e9-488a-a79d-ebd1bbc1cb84/window/rect [39m[32m200[39m [90m6 ms - 50[39m
[35m[HTTP][39m [90m[39m
[35m[HTTP][39m [37m-->[39m [37mPOST[39m [37m/wd/hub/session/9fa19d92-60e9-488a-a79d-ebd1bbc1cb84/elements[39m
[35m[HTTP][39m [90m{"using":"xpath","value":"//hierarchy/android.widget.FrameLayout[1]/android.widget.LinearLayout[1]/android.widget.FrameLayout[1]/android.widget.LinearLayout[1]/android.widget.FrameLayout[1]/android.widget.FrameLayout[1]/android.view.ViewGroup[1]/android.view.ViewGroup[1]/android.view.ViewGroup[2]/android.view.ViewGroup[1]/android.view.ViewGroup[1]/android.view.ViewGroup[1]/android.view.ViewGroup[2]/android.view.ViewGroup[1]/android.view.ViewGroup[1]/android.view.ViewGroup[1]/android.view.ViewGroup[1]/android.view.ViewGroup[1]/android.view.ViewGroup[1]/android.view.ViewGroup[1]/android.view.ViewGroup[3]/android.widget.ScrollView[1]/android.view.ViewGroup[1]/android.view.ViewGroup[2]/android.view.ViewGroup[1]/android.widget.TextView[2]"}[39m
[35m[HTTP][39m [37m<-- POST /wd/hub/session/9fa19d92-60e9-488a-a79d-ebd1bbc1cb84/elements [39m[32m200[39m [90m468 ms - 139[39m
[35m[HTTP][39m [90m[39m
[35m[HTTP][39m [37m-->[39m [37mGET[39m [37m/wd/hub/session/9fa19d92-60e9-488a-a79d-ebd1bbc1cb84/element/00000000-0000-020e-ffff-ffff00000136/location[39m
[35m[HTTP][39m [90m{}[39m
[35m[W3C (9fa19d92)][39m Driver proxy active, passing request on via HTTP proxy
[35m[WD Proxy][39m Replacing sessionId 6bc2888e-8e99-4e92-8207-ea23cf836f46 with 9fa19d92-60e9-488a-a79d-ebd1bbc1cb84
[35m[HTTP][39m [37m<-- GET /wd/hub/session/9fa19d92-60e9-488a-a79d-ebd1bbc1cb84/element/00000000-0000-020e-ffff-ffff00000136/location [39m[32m200[39m [90m703 ms - 79[39m
[35m[HTTP][39m [90m[39m
[35m[HTTP][39m [37m-->[39m [37mPOST[39m [37m/wd/hub/session/9fa19d92-60e9-488a-a79d-ebd1bbc1cb84/timeouts[39m
[35m[HTTP][39m [90m{"implicit":30000}[39m
[35m[HTTP][39m [37m<-- POST /wd/hub/session/9fa19d92-60e9-488a-a79d-ebd1bbc1cb84/timeouts [39m[32m200[39m [90m1 ms - 14[39m
[35m[HTTP][39m [90m[39m
[35m[HTTP][39m [37m-->[39m [37mPOST[39m [37m/wd/hub/session/9fa19d92-60e9-488a-a79d-ebd1bbc1cb84/element/00000000-0000-020e-ffff-ffff00000136/click[39m
[35m[HTTP][39m [90m{"id":"00000000-0000-020e-ffff-ffff00000136"}[39m
[35m[HTTP][39m [37m<-- POST /wd/hub/session/9fa19d92-60e9-488a-a79d-ebd1bbc1cb84/element/00000000-0000-020e-ffff-ffff00000136/click [39m[32m200[39m [90m36 ms - 14[39m
[35m[HTTP][39m [90m[39m
[35m[HTTP][39m [37m-->[39m [37mPOST[39m [37m/wd/hub/session/9fa19d92-60e9-488a-a79d-ebd1bbc1cb84/timeouts[39m
[35m[HTTP][39m [90m{"implicit":50}[39m
[35m[HTTP][39m [37m<-- POST /wd/hub/session/9fa19d92-60e9-488a-a79d-ebd1bbc1cb84/timeouts [39m[32m200[39m [90m1 ms - 14[39m
[35m[HTTP][39m [90m[39m
[35m[HTTP][39m [37m-->[39m [37mGET[39m [37m/wd/hub/session/9fa19d92-60e9-488a-a79d-ebd1bbc1cb84/window/rect[39m
[35m[HTTP][39m [90m{}[39m
[35m[HTTP][39m [37m<-- GET /wd/hub/session/9fa19d92-60e9-488a-a79d-ebd1bbc1cb84/window/rect [39m[32m200[39m [90m9 ms - 50[39m
[35m[HTTP][39m [90m[39m
[35m[HTTP][39m [37m-->[39m [37mPOST[39m [37m/wd/hub/session/9fa19d92-60e9-488a-a79d-ebd1bbc1cb84/elements[39m
[35m[HTTP][39m [90m{"using":"accessibility id","value":"Name"}[39m
[35m[HTTP][39m [37m<-- POST /wd/hub/session/9fa19d92-60e9-488a-a79d-ebd1bbc1cb84/elements [39m[32m200[39m [90m104 ms - 12[39m
[35m[HTTP][39m [90m[39m
[35m[HTTP][39m [37m-->[39m [37mPOST[39m [37m/wd/hub/session/9fa19d92-60e9-488a-a79d-ebd1bbc1cb84/elements[39m
[35m[HTTP][39m [90m{"using":"accessibility id","value":"Name"}[39m
[35m[HTTP][39m [37m<-- POST /wd/hub/session/9fa19d92-60e9-488a-a79d-ebd1bbc1cb84/elements [39m[32m200[39m [90m652 ms - 139[39m
[35m[HTTP][39m [90m[39m
[35m[HTTP][39m [37m-->[39m [37mGET[39m [37m/wd/hub/session/9fa19d92-60e9-488a-a79d-ebd1bbc1cb84/element/00000000-0000-020e-ffff-ffff000001ed/location[39m
[35m[HTTP][39m [90m{}[39m
[35m[W3C (9fa19d92)][39m Driver proxy active, passing request on via HTTP proxy
[35m[WD Proxy][39m Replacing sessionId 6bc2888e-8e99-4e92-8207-ea23cf836f46 with 9fa19d92-60e9-488a-a79d-ebd1bbc1cb84
[35m[HTTP][39m [37m<-- GET /wd/hub/session/9fa19d92-60e9-488a-a79d-ebd1bbc1cb84/element/00000000-0000-020e-ffff-ffff000001ed/location [39m[32m200[39m [90m382 ms - 77[39m
[35m[HTTP][39m [90m[39m
[35m[HTTP][39m [37m-->[39m [37mPOST[39m [37m/wd/hub/session/9fa19d92-60e9-488a-a79d-ebd1bbc1cb84/timeouts[39m
[35m[HTTP][39m [90m{"implicit":30000}[39m
[35m[HTTP][39m [37m<-- POST /wd/hub/session/9fa19d92-60e9-488a-a79d-ebd1bbc1cb84/timeouts [39m[32m200[39m [90m1 ms - 14[39m
[35m[HTTP][39m [90m[39m
[35m[HTTP][39m [37m-->[39m [37mPOST[39m [37m/wd/hub/session/9fa19d92-60e9-488a-a79d-ebd1bbc1cb84/element/00000000-0000-020e-ffff-ffff000001ed/clear[39m
[35m[HTTP][39m [90m{"id":"00000000-0000-020e-ffff-ffff000001ed"}[39m
[35m[HTTP][39m [37m<-- POST /wd/hub/session/9fa19d92-60e9-488a-a79d-ebd1bbc1cb84/element/00000000-0000-020e-ffff-ffff000001ed/clear [39m[32m200[39m [90m28 ms - 14[39m
[35m[HTTP][39m [90m[39m
[35m[HTTP][39m [37m-->[39m [37mPOST[39m [37m/wd/hub/session/9fa19d92-60e9-488a-a79d-ebd1bbc1cb84/element/00000000-0000-020e-ffff-ffff000001ed/value[39m
[35m[HTTP][39m [90m{"id":"00000000-0000-020e-ffff-ffff000001ed","text":"trian@*%!@#","value":["t","r","i","a","n","@","*","%","!","@","#"]}[39m
[35m[HTTP][39m [37m<-- POST /wd/hub/session/9fa19d92-60e9-488a-a79d-ebd1bbc1cb84/element/00000000-0000-020e-ffff-ffff000001ed/value [39m[32m200[39m [90m504 ms - 14[39m
[35m[HTTP][39m [90m[39m
[35m[HTTP][39m [37m-->[39m [37mPOST[39m [37m/wd/hub/session/9fa19d92-60e9-488a-a79d-ebd1bbc1cb84/timeouts[39m
[35m[HTTP][39m [90m{"implicit":50}[39m
[35m[HTTP][39m [37m<-- POST /wd/hub/session/9fa19d92-60e9-488a-a79d-ebd1bbc1cb84/timeouts [39m[32m200[39m [90m1 ms - 14[39m
[35m[HTTP][39m [90m[39m
[35m[HTTP][39m [37m-->[39m [37mGET[39m [37m/wd/hub/session/9fa19d92-60e9-488a-a79d-ebd1bbc1cb84/window/rect[39m
[35m[HTTP][39m [90m{}[39m
[35m[HTTP][39m [37m<-- GET /wd/hub/session/9fa19d92-60e9-488a-a79d-ebd1bbc1cb84/window/rect [39m[32m200[39m [90m9 ms - 50[39m
[35m[HTTP][39m [90m[39m
[35m[HTTP][39m [37m-->[39m [37mPOST[39m [37m/wd/hub/session/9fa19d92-60e9-488a-a79d-ebd1bbc1cb84/elements[39m
[35m[HTTP][39m [90m{"using":"xpath","value":"//*[@class = 'android.widget.TextView' and (@text = 'Name must be alphabetic' or . = 'Name must be alphabetic')]"}[39m
[35m[HTTP][39m [37m<-- POST /wd/hub/session/9fa19d92-60e9-488a-a79d-ebd1bbc1cb84/elements [39m[32m200[39m [90m1453 ms - 139[39m
[35m[HTTP][39m [90m[39m
[35m[HTTP][39m [37m-->[39m [37mGET[39m [37m/wd/hub/session/9fa19d92-60e9-488a-a79d-ebd1bbc1cb84/element/00000000-0000-020e-ffff-ffff00000231/location[39m
[35m[HTTP][39m [90m{}[39m
[35m[W3C (9fa19d92)][39m Driver proxy active, passing request on via HTTP proxy
[35m[WD Proxy][39m Replacing sessionId 6bc2888e-8e99-4e92-8207-ea23cf836f46 with 9fa19d92-60e9-488a-a79d-ebd1bbc1cb84
[35m[HTTP][39m [37m<-- GET /wd/hub/session/9fa19d92-60e9-488a-a79d-ebd1bbc1cb84/element/00000000-0000-020e-ffff-ffff00000231/location [39m[32m200[39m [90m9 ms - 77[39m
[35m[HTTP][39m [90m[39m
[35m[HTTP][39m [37m-->[39m [37mPOST[39m [37m/wd/hub/session/9fa19d92-60e9-488a-a79d-ebd1bbc1cb84/timeouts[39m
[35m[HTTP][39m [90m{"implicit":30000}[39m
[35m[HTTP][39m [37m<-- POST /wd/hub/session/9fa19d92-60e9-488a-a79d-ebd1bbc1cb84/timeouts [39m[32m200[39m [90m1 ms - 14[39m
[35m[HTTP][39m [90m[39m
[35m[HTTP][39m [37m-->[39m [37mDELETE[39m [37m/wd/hub/session/9fa19d92-60e9-488a-a79d-ebd1bbc1cb84[39m
[35m[HTTP][39m [90m{}[39m
[35m[Appium][39m Removing session 9fa19d92-60e9-488a-a79d-ebd1bbc1cb84 from our master session list
[35m[ADB][39m com.codingid.codingidhive.betastaging was successfully uninstalled
[35m[UiAutomator2][39m Restoring hidden api policy to the device default configuration
[35m[HTTP][39m [37m<-- DELETE /wd/hub/session/9fa19d92-60e9-488a-a79d-ebd1bbc1cb84 [39m[32m200[39m [90m1020 ms - 14[39m
[35m[HTTP][39m [90m[39m
